<?xml version="1.0"?>
<!DOCTYPE coverage SYSTEM "https://raw.githubusercontent.com/cobertura/cobertura/master/cobertura/src/site/htdocs/xml/coverage-04.dtd">
<coverage 
line-rate="0.84" lines-covered="263" lines-valid="222" branches-covered="0" branches-valid="0" branch-rate="1.00" complexity="0" version="1.0" timestamp="1457417472843">
    <sources>
        <source>--source</source>
        <source>/home/himani/Desktop/Assignments/SlickAssignment1/src/main/scala-2.11</source>
        <source>/home/himani/Desktop/Assignments/SlickAssignment1/src/main/scala</source>
        <source>/home/himani/Desktop/Assignments/SlickAssignment1/src/main/java</source>
    </sources>
    <packages>
        <package name="com.knoldus.postgres.connection" line-rate="0.00" branch-rate="0.00" complexity="0">
            <classes>
                <class 
                name="PostgresDBComponent" filename="com/knoldus/postgres/connection/PostgresDBComponent.scala" line-rate="0.00" branch-rate="0.00" complexity="0">
                    <methods>
                        <method 
                        name="com.knoldus.postgres.connection/PostgresDBComponent/&lt;none&gt;" signature="()V" line-rate="0.00" branch-rate="0.00">
                            <lines>
                                <line number="12" hits="0" branch="false"/>
                                <line number="8" hits="0" branch="false"/>
                            </lines>
</method>
                    </methods>
                    <lines>
                        <line number="12" hits="0" branch="false"/>
                        <line number="8" hits="0" branch="false"/>
                    </lines>
</class>
                <class 
                name="MyPostgres" filename="com/knoldus/postgres/connection/PostgresDBComponent.scala" line-rate="0.00" branch-rate="0.00" complexity="0">
                    <methods>
                        <method 
                        name="com.knoldus.postgres.connection/MyPostgres/&lt;none&gt;" signature="()V" line-rate="0.00" branch-rate="0.00">
                            <lines>
                                <line number="20" hits="0" branch="false"/>
                                <line number="20" hits="0" branch="false"/>
                                <line number="20" hits="0" branch="false"/>
                                <line number="20" hits="0" branch="false"/>
                                <line number="20" hits="0" branch="false"/>
                            </lines>
</method>
                    </methods>
                    <lines>
                        <line number="20" hits="0" branch="false"/>
                        <line number="20" hits="0" branch="false"/>
                        <line number="20" hits="0" branch="false"/>
                        <line number="20" hits="0" branch="false"/>
                        <line number="20" hits="0" branch="false"/>
                    </lines>
</class>
            </classes>
        </package>
        <package name="com.knoldus.postgres.repository" line-rate="0.87" branch-rate="1.00" complexity="0">
            <classes>
                <class 
                name="StudentTable" filename="com/knoldus/postgres/repository/StudentRepo.scala" line-rate="1.00" branch-rate="1.00" complexity="0">
                    <methods>
                        <method 
                        name="com.knoldus.postgres.repository/StudentTable/&lt;none&gt;" signature="()V" line-rate="1.00" branch-rate="1.00">
                            <lines>
                                <line number="16" hits="1" branch="false"/>
                                <line number="16" hits="1" branch="false"/>
                                <line number="17" hits="1" branch="false"/>
                                <line number="17" hits="1" branch="false"/>
                                <line number="17" hits="1" branch="false"/>
                                <line number="16" hits="1" branch="false"/>
                                <line number="16" hits="1" branch="false"/>
                                <line number="17" hits="1" branch="false"/>
                                <line number="17" hits="1" branch="false"/>
                            </lines>
</method>
                        <method name="com.knoldus.postgres.repository/StudentTable/*" signature="()V" line-rate="1.00" branch-rate="1.00">
                            <lines>
                                <line number="18" hits="1" branch="false"/>
                                <line number="18" hits="1" branch="false"/>
                                <line number="18" hits="1" branch="false"/>
                                <line number="18" hits="1" branch="false"/>
                                <line number="18" hits="1" branch="false"/>
                                <line number="18" hits="1" branch="false"/>
                                <line number="18" hits="1" branch="false"/>
                                <line number="18" hits="1" branch="false"/>
                                <line number="18" hits="1" branch="false"/>
                                <line number="18" hits="1" branch="false"/>
                                <line number="18" hits="1" branch="false"/>
                                <line number="18" hits="1" branch="false"/>
                                <line number="18" hits="1" branch="false"/>
                            </lines>
                        </method>
                    </methods>
                    <lines>
                        <line number="18" hits="1" branch="false"/>
                        <line number="16" hits="1" branch="false"/>
                        <line number="18" hits="1" branch="false"/>
                        <line number="18" hits="1" branch="false"/>
                        <line number="16" hits="1" branch="false"/>
                        <line number="18" hits="1" branch="false"/>
                        <line number="18" hits="1" branch="false"/>
                        <line number="17" hits="1" branch="false"/>
                        <line number="17" hits="1" branch="false"/>
                        <line number="18" hits="1" branch="false"/>
                        <line number="17" hits="1" branch="false"/>
                        <line number="18" hits="1" branch="false"/>
                        <line number="16" hits="1" branch="false"/>
                        <line number="18" hits="1" branch="false"/>
                        <line number="18" hits="1" branch="false"/>
                        <line number="18" hits="1" branch="false"/>
                        <line number="16" hits="1" branch="false"/>
                        <line number="18" hits="1" branch="false"/>
                        <line number="18" hits="1" branch="false"/>
                        <line number="17" hits="1" branch="false"/>
                        <line number="17" hits="1" branch="false"/>
                        <line number="18" hits="1" branch="false"/>
                    </lines>
</class>
                <class 
                name="StudentCrud" filename="com/knoldus/postgres/repository/StudentRepo.scala" line-rate="1.00" branch-rate="1.00" complexity="0">
                    <methods>
                        <method 
                        name="com.knoldus.postgres.repository/StudentCrud/deleteStud" signature="()V" line-rate="1.00" branch-rate="1.00">
                            <lines>
                                <line number="30" hits="1" branch="false"/>
                                <line number="30" hits="1" branch="false"/>
                                <line number="30" hits="1" branch="false"/>
                                <line number="30" hits="1" branch="false"/>
                                <line number="30" hits="1" branch="false"/>
                                <line number="30" hits="1" branch="false"/>
                                <line number="30" hits="1" branch="false"/>
                                <line number="30" hits="1" branch="false"/>
                                <line number="30" hits="1" branch="false"/>
                                <line number="30" hits="1" branch="false"/>
                                <line number="30" hits="1" branch="false"/>
                            </lines>
</method>
                        <method name="com.knoldus.postgres.repository/StudentCrud/getAll" signature="()V" line-rate="1.00" branch-rate="1.00">
                            <lines>
                                <line number="32" hits="1" branch="false"/>
                                <line number="32" hits="1" branch="false"/>
                                <line number="32" hits="1" branch="false"/>
                                <line number="32" hits="1" branch="false"/>
                                <line number="32" hits="1" branch="false"/>
                            </lines>
                        </method>
                        <method name="com.knoldus.postgres.repository/StudentCrud/insert" signature="()V" line-rate="1.00" branch-rate="1.00">
                            <lines>
                                <line number="29" hits="1" branch="false"/>
                                <line number="29" hits="1" branch="false"/>
                                <line number="29" hits="1" branch="false"/>
                                <line number="29" hits="1" branch="false"/>
                                <line number="29" hits="1" branch="false"/>
                                <line number="29" hits="1" branch="false"/>
                                <line number="29" hits="1" branch="false"/>
                                <line number="29" hits="1" branch="false"/>
                                <line number="29" hits="1" branch="false"/>
                            </lines>
                        </method>
                        <method 
                        name="com.knoldus.postgres.repository/StudentCrud/updateStud" signature="()V" line-rate="1.00" branch-rate="1.00">
                            <lines>
                                <line number="31" hits="1" branch="false"/>
                                <line number="31" hits="1" branch="false"/>
                                <line number="31" hits="1" branch="false"/>
                                <line number="31" hits="1" branch="false"/>
                                <line number="31" hits="1" branch="false"/>
                                <line number="31" hits="1" branch="false"/>
                                <line number="31" hits="1" branch="false"/>
                                <line number="31" hits="1" branch="false"/>
                                <line number="31" hits="1" branch="false"/>
                                <line number="31" hits="1" branch="false"/>
                                <line number="31" hits="1" branch="false"/>
                                <line number="31" hits="1" branch="false"/>
                            </lines>
</method>
                    </methods>
                    <lines>
                        <line number="31" hits="1" branch="false"/>
                        <line number="31" hits="1" branch="false"/>
                        <line number="29" hits="1" branch="false"/>
                        <line number="30" hits="1" branch="false"/>
                        <line number="31" hits="1" branch="false"/>
                        <line number="32" hits="1" branch="false"/>
                        <line number="29" hits="1" branch="false"/>
                        <line number="30" hits="1" branch="false"/>
                        <line number="31" hits="1" branch="false"/>
                        <line number="29" hits="1" branch="false"/>
                        <line number="30" hits="1" branch="false"/>
                        <line number="32" hits="1" branch="false"/>
                        <line number="30" hits="1" branch="false"/>
                        <line number="32" hits="1" branch="false"/>
                        <line number="31" hits="1" branch="false"/>
                        <line number="31" hits="1" branch="false"/>
                        <line number="30" hits="1" branch="false"/>
                        <line number="30" hits="1" branch="false"/>
                        <line number="29" hits="1" branch="false"/>
                        <line number="31" hits="1" branch="false"/>
                        <line number="30" hits="1" branch="false"/>
                        <line number="29" hits="1" branch="false"/>
                        <line number="31" hits="1" branch="false"/>
                        <line number="29" hits="1" branch="false"/>
                        <line number="31" hits="1" branch="false"/>
                        <line number="32" hits="1" branch="false"/>
                        <line number="30" hits="1" branch="false"/>
                        <line number="31" hits="1" branch="false"/>
                        <line number="29" hits="1" branch="false"/>
                        <line number="30" hits="1" branch="false"/>
                        <line number="31" hits="1" branch="false"/>
                        <line number="29" hits="1" branch="false"/>
                        <line number="30" hits="1" branch="false"/>
                        <line number="32" hits="1" branch="false"/>
                        <line number="30" hits="1" branch="false"/>
                        <line number="31" hits="1" branch="false"/>
                        <line number="29" hits="1" branch="false"/>
                    </lines>
</class>
                <class 
                name="SubjectCrud" filename="com/knoldus/postgres/repository/SubjectRepo.scala" line-rate="1.00" branch-rate="1.00" complexity="0">
                    <methods>
                        <method name="com.knoldus.postgres.repository/SubjectCrud/getAll" signature="()V" line-rate="1.00" branch-rate="1.00">
                            <lines>
                                <line number="29" hits="1" branch="false"/>
                                <line number="29" hits="1" branch="false"/>
                                <line number="29" hits="1" branch="false"/>
                                <line number="29" hits="1" branch="false"/>
                                <line number="29" hits="1" branch="false"/>
                            </lines>
                        </method>
                        <method 
                        name="com.knoldus.postgres.repository/SubjectCrud/updateSub" signature="()V" line-rate="1.00" branch-rate="1.00">
                            <lines>
                                <line number="28" hits="1" branch="false"/>
                                <line number="28" hits="1" branch="false"/>
                                <line number="28" hits="1" branch="false"/>
                                <line number="28" hits="1" branch="false"/>
                                <line number="28" hits="1" branch="false"/>
                                <line number="28" hits="1" branch="false"/>
                                <line number="28" hits="1" branch="false"/>
                                <line number="28" hits="1" branch="false"/>
                                <line number="28" hits="1" branch="false"/>
                                <line number="28" hits="1" branch="false"/>
                                <line number="28" hits="1" branch="false"/>
                                <line number="28" hits="1" branch="false"/>
                            </lines>
</method>
                        <method 
                        name="com.knoldus.postgres.repository/SubjectCrud/deleteSub" signature="()V" line-rate="1.00" branch-rate="1.00">
                            <lines>
                                <line number="27" hits="1" branch="false"/>
                                <line number="27" hits="1" branch="false"/>
                                <line number="27" hits="1" branch="false"/>
                                <line number="27" hits="1" branch="false"/>
                                <line number="27" hits="1" branch="false"/>
                                <line number="27" hits="1" branch="false"/>
                                <line number="27" hits="1" branch="false"/>
                                <line number="27" hits="1" branch="false"/>
                                <line number="27" hits="1" branch="false"/>
                                <line number="27" hits="1" branch="false"/>
                                <line number="27" hits="1" branch="false"/>
                            </lines>
</method>
                        <method name="com.knoldus.postgres.repository/SubjectCrud/insert" signature="()V" line-rate="1.00" branch-rate="1.00">
                            <lines>
                                <line number="26" hits="1" branch="false"/>
                                <line number="26" hits="1" branch="false"/>
                                <line number="26" hits="1" branch="false"/>
                                <line number="26" hits="1" branch="false"/>
                                <line number="26" hits="1" branch="false"/>
                                <line number="26" hits="1" branch="false"/>
                                <line number="26" hits="1" branch="false"/>
                                <line number="26" hits="1" branch="false"/>
                                <line number="26" hits="1" branch="false"/>
                            </lines>
                        </method>
                    </methods>
                    <lines>
                        <line number="26" hits="1" branch="false"/>
                        <line number="28" hits="1" branch="false"/>
                        <line number="27" hits="1" branch="false"/>
                        <line number="27" hits="1" branch="false"/>
                        <line number="29" hits="1" branch="false"/>
                        <line number="27" hits="1" branch="false"/>
                        <line number="28" hits="1" branch="false"/>
                        <line number="26" hits="1" branch="false"/>
                        <line number="28" hits="1" branch="false"/>
                        <line number="28" hits="1" branch="false"/>
                        <line number="26" hits="1" branch="false"/>
                        <line number="27" hits="1" branch="false"/>
                        <line number="28" hits="1" branch="false"/>
                        <line number="26" hits="1" branch="false"/>
                        <line number="29" hits="1" branch="false"/>
                        <line number="27" hits="1" branch="false"/>
                        <line number="28" hits="1" branch="false"/>
                        <line number="28" hits="1" branch="false"/>
                        <line number="27" hits="1" branch="false"/>
                        <line number="28" hits="1" branch="false"/>
                        <line number="29" hits="1" branch="false"/>
                        <line number="26" hits="1" branch="false"/>
                        <line number="27" hits="1" branch="false"/>
                        <line number="28" hits="1" branch="false"/>
                        <line number="26" hits="1" branch="false"/>
                        <line number="27" hits="1" branch="false"/>
                        <line number="27" hits="1" branch="false"/>
                        <line number="26" hits="1" branch="false"/>
                        <line number="29" hits="1" branch="false"/>
                        <line number="26" hits="1" branch="false"/>
                        <line number="28" hits="1" branch="false"/>
                        <line number="28" hits="1" branch="false"/>
                        <line number="27" hits="1" branch="false"/>
                        <line number="29" hits="1" branch="false"/>
                        <line number="27" hits="1" branch="false"/>
                        <line number="28" hits="1" branch="false"/>
                        <line number="26" hits="1" branch="false"/>
                    </lines>
</class>
                <class 
                name="StudentSubjectCrud" filename="com/knoldus/postgres/repository/StudentSubjectRepo.scala" line-rate="0.88" branch-rate="1.00" complexity="0">
                    <methods>
                        <method 
                        name="com.knoldus.postgres.repository/StudentSubjectCrud/updateStudSub" signature="()V" line-rate="0.00" branch-rate="0.00">
                            <lines>
                                <line number="37" hits="0" branch="false"/>
                                <line number="37" hits="0" branch="false"/>
                                <line number="37" hits="0" branch="false"/>
                                <line number="37" hits="0" branch="false"/>
                                <line number="37" hits="0" branch="false"/>
                                <line number="37" hits="0" branch="false"/>
                                <line number="37" hits="0" branch="false"/>
                                <line number="37" hits="0" branch="false"/>
                                <line number="37" hits="0" branch="false"/>
                                <line number="37" hits="0" branch="false"/>
                                <line number="37" hits="0" branch="false"/>
                                <line number="37" hits="0" branch="false"/>
                            </lines>
</method>
                        <method 
                        name="com.knoldus.postgres.repository/StudentSubjectCrud/getAllSubjects" signature="()V" line-rate="1.00" branch-rate="1.00">
                            <lines>
                                <line number="43" hits="1" branch="false"/>
                                <line number="44" hits="1" branch="false"/>
                                <line number="45" hits="1" branch="false"/>
                                <line number="45" hits="1" branch="false"/>
                                <line number="46" hits="1" branch="false"/>
                                <line number="43" hits="1" branch="false"/>
                                <line number="43" hits="1" branch="false"/>
                                <line number="44" hits="1" branch="false"/>
                                <line number="44" hits="1" branch="false"/>
                                <line number="43" hits="1" branch="false"/>
                                <line number="45" hits="1" branch="false"/>
                                <line number="45" hits="1" branch="false"/>
                                <line number="47" hits="1" branch="false"/>
                                <line number="45" hits="1" branch="false"/>
                                <line number="43" hits="1" branch="false"/>
                                <line number="44" hits="1" branch="false"/>
                                <line number="45" hits="1" branch="false"/>
                                <line number="43" hits="1" branch="false"/>
                                <line number="44" hits="1" branch="false"/>
                                <line number="46" hits="1" branch="false"/>
                                <line number="44" hits="1" branch="false"/>
                                <line number="45" hits="1" branch="false"/>
                                <line number="43" hits="1" branch="false"/>
                                <line number="45" hits="1" branch="false"/>
                                <line number="47" hits="1" branch="false"/>
                                <line number="45" hits="1" branch="false"/>
                                <line number="46" hits="1" branch="false"/>
                                <line number="43" hits="1" branch="false"/>
                                <line number="44" hits="1" branch="false"/>
                                <line number="45" hits="1" branch="false"/>
                                <line number="45" hits="1" branch="false"/>
                                <line number="43" hits="1" branch="false"/>
                                <line number="45" hits="1" branch="false"/>
                                <line number="44" hits="1" branch="false"/>
                                <line number="45" hits="1" branch="false"/>
                            </lines>
</method>
                        <method 
                        name="com.knoldus.postgres.repository/StudentSubjectCrud/insert" signature="()V" line-rate="1.00" branch-rate="1.00">
                            <lines>
                                <line number="34" hits="1" branch="false"/>
                                <line number="34" hits="1" branch="false"/>
                                <line number="34" hits="1" branch="false"/>
                                <line number="34" hits="1" branch="false"/>
                            </lines>
</method>
                        <method 
                        name="com.knoldus.postgres.repository/StudentSubjectCrud/deleteSub" signature="()V" line-rate="1.00" branch-rate="1.00">
                            <lines>
                                <line number="36" hits="1" branch="false"/>
                                <line number="36" hits="1" branch="false"/>
                                <line number="36" hits="1" branch="false"/>
                                <line number="36" hits="1" branch="false"/>
                                <line number="36" hits="1" branch="false"/>
                                <line number="36" hits="1" branch="false"/>
                                <line number="36" hits="1" branch="false"/>
                                <line number="36" hits="1" branch="false"/>
                                <line number="36" hits="1" branch="false"/>
                                <line number="36" hits="1" branch="false"/>
                                <line number="36" hits="1" branch="false"/>
                            </lines>
</method>
                        <method 
                        name="com.knoldus.postgres.repository/StudentSubjectCrud/getAllStudents" signature="()V" line-rate="1.00" branch-rate="1.00">
                            <lines>
                                <line number="57" hits="1" branch="false"/>
                                <line number="55" hits="1" branch="false"/>
                                <line number="56" hits="1" branch="false"/>
                                <line number="57" hits="1" branch="false"/>
                                <line number="58" hits="1" branch="false"/>
                                <line number="55" hits="1" branch="false"/>
                                <line number="57" hits="1" branch="false"/>
                                <line number="56" hits="1" branch="false"/>
                                <line number="58" hits="1" branch="false"/>
                                <line number="55" hits="1" branch="false"/>
                                <line number="55" hits="1" branch="false"/>
                                <line number="56" hits="1" branch="false"/>
                                <line number="57" hits="1" branch="false"/>
                                <line number="57" hits="1" branch="false"/>
                                <line number="56" hits="1" branch="false"/>
                                <line number="55" hits="1" branch="false"/>
                                <line number="57" hits="1" branch="false"/>
                                <line number="57" hits="1" branch="false"/>
                                <line number="57" hits="1" branch="false"/>
                                <line number="56" hits="1" branch="false"/>
                                <line number="57" hits="1" branch="false"/>
                                <line number="55" hits="1" branch="false"/>
                                <line number="56" hits="1" branch="false"/>
                                <line number="58" hits="1" branch="false"/>
                                <line number="56" hits="1" branch="false"/>
                                <line number="57" hits="1" branch="false"/>
                                <line number="55" hits="1" branch="false"/>
                                <line number="57" hits="1" branch="false"/>
                                <line number="60" hits="1" branch="false"/>
                                <line number="55" hits="1" branch="false"/>
                                <line number="60" hits="1" branch="false"/>
                                <line number="56" hits="1" branch="false"/>
                                <line number="57" hits="1" branch="false"/>
                                <line number="55" hits="1" branch="false"/>
                                <line number="57" hits="1" branch="false"/>
                            </lines>
</method>
                    </methods>
                    <lines>
                        <line number="43" hits="1" branch="false"/>
                        <line number="44" hits="1" branch="false"/>
                        <line number="57" hits="1" branch="false"/>
                        <line number="55" hits="1" branch="false"/>
                        <line number="56" hits="1" branch="false"/>
                        <line number="57" hits="1" branch="false"/>
                        <line number="45" hits="1" branch="false"/>
                        <line number="45" hits="1" branch="false"/>
                        <line number="34" hits="1" branch="false"/>
                        <line number="36" hits="1" branch="false"/>
                        <line number="37" hits="0" branch="false"/>
                        <line number="37" hits="0" branch="false"/>
                        <line number="36" hits="1" branch="false"/>
                        <line number="58" hits="1" branch="false"/>
                        <line number="55" hits="1" branch="false"/>
                        <line number="46" hits="1" branch="false"/>
                        <line number="57" hits="1" branch="false"/>
                        <line number="43" hits="1" branch="false"/>
                        <line number="36" hits="1" branch="false"/>
                        <line number="43" hits="1" branch="false"/>
                        <line number="44" hits="1" branch="false"/>
                        <line number="37" hits="0" branch="false"/>
                        <line number="37" hits="0" branch="false"/>
                        <line number="36" hits="1" branch="false"/>
                        <line number="56" hits="1" branch="false"/>
                        <line number="58" hits="1" branch="false"/>
                        <line number="55" hits="1" branch="false"/>
                        <line number="44" hits="1" branch="false"/>
                        <line number="55" hits="1" branch="false"/>
                        <line number="43" hits="1" branch="false"/>
                        <line number="45" hits="1" branch="false"/>
                        <line number="37" hits="0" branch="false"/>
                        <line number="37" hits="0" branch="false"/>
                        <line number="45" hits="1" branch="false"/>
                        <line number="47" hits="1" branch="false"/>
                        <line number="56" hits="1" branch="false"/>
                        <line number="36" hits="1" branch="false"/>
                        <line number="57" hits="1" branch="false"/>
                        <line number="57" hits="1" branch="false"/>
                        <line number="56" hits="1" branch="false"/>
                        <line number="45" hits="1" branch="false"/>
                        <line number="55" hits="1" branch="false"/>
                        <line number="36" hits="1" branch="false"/>
                        <line number="37" hits="0" branch="false"/>
                        <line number="57" hits="1" branch="false"/>
                        <line number="43" hits="1" branch="false"/>
                        <line number="34" hits="1" branch="false"/>
                        <line number="57" hits="1" branch="false"/>
                        <line number="44" hits="1" branch="false"/>
                        <line number="45" hits="1" branch="false"/>
                        <line number="43" hits="1" branch="false"/>
                        <line number="37" hits="0" branch="false"/>
                        <line number="36" hits="1" branch="false"/>
                        <line number="44" hits="1" branch="false"/>
                        <line number="46" hits="1" branch="false"/>
                        <line number="36" hits="1" branch="false"/>
                        <line number="57" hits="1" branch="false"/>
                        <line number="56" hits="1" branch="false"/>
                        <line number="57" hits="1" branch="false"/>
                        <line number="44" hits="1" branch="false"/>
                        <line number="55" hits="1" branch="false"/>
                        <line number="45" hits="1" branch="false"/>
                        <line number="56" hits="1" branch="false"/>
                        <line number="37" hits="0" branch="false"/>
                        <line number="43" hits="1" branch="false"/>
                        <line number="36" hits="1" branch="false"/>
                        <line number="45" hits="1" branch="false"/>
                        <line number="58" hits="1" branch="false"/>
                        <line number="56" hits="1" branch="false"/>
                        <line number="57" hits="1" branch="false"/>
                        <line number="47" hits="1" branch="false"/>
                        <line number="55" hits="1" branch="false"/>
                        <line number="45" hits="1" branch="false"/>
                        <line number="46" hits="1" branch="false"/>
                        <line number="37" hits="0" branch="false"/>
                        <line number="43" hits="1" branch="false"/>
                        <line number="36" hits="1" branch="false"/>
                        <line number="37" hits="0" branch="false"/>
                        <line number="57" hits="1" branch="false"/>
                        <line number="60" hits="1" branch="false"/>
                        <line number="55" hits="1" branch="false"/>
                        <line number="44" hits="1" branch="false"/>
                        <line number="45" hits="1" branch="false"/>
                        <line number="37" hits="0" branch="false"/>
                        <line number="45" hits="1" branch="false"/>
                        <line number="43" hits="1" branch="false"/>
                        <line number="34" hits="1" branch="false"/>
                        <line number="36" hits="1" branch="false"/>
                        <line number="34" hits="1" branch="false"/>
                        <line number="60" hits="1" branch="false"/>
                        <line number="56" hits="1" branch="false"/>
                        <line number="45" hits="1" branch="false"/>
                        <line number="57" hits="1" branch="false"/>
                        <line number="55" hits="1" branch="false"/>
                        <line number="44" hits="1" branch="false"/>
                        <line number="45" hits="1" branch="false"/>
                        <line number="57" hits="1" branch="false"/>
                    </lines>
</class>
                <class 
                name="SubjectTable" filename="com/knoldus/postgres/repository/SubjectRepo.scala" line-rate="1.00" branch-rate="1.00" complexity="0">
                    <methods>
                        <method 
                        name="com.knoldus.postgres.repository/SubjectTable/&lt;none&gt;" signature="()V" line-rate="1.00" branch-rate="1.00">
                            <lines>
                                <line number="16" hits="1" branch="false"/>
                                <line number="16" hits="1" branch="false"/>
                                <line number="15" hits="1" branch="false"/>
                                <line number="15" hits="1" branch="false"/>
                                <line number="15" hits="1" branch="false"/>
                                <line number="16" hits="1" branch="false"/>
                                <line number="16" hits="1" branch="false"/>
                                <line number="16" hits="1" branch="false"/>
                                <line number="15" hits="1" branch="false"/>
                            </lines>
</method>
                        <method name="com.knoldus.postgres.repository/SubjectTable/*" signature="()V" line-rate="1.00" branch-rate="1.00">
                            <lines>
                                <line number="17" hits="1" branch="false"/>
                                <line number="17" hits="1" branch="false"/>
                                <line number="17" hits="1" branch="false"/>
                                <line number="17" hits="1" branch="false"/>
                                <line number="17" hits="1" branch="false"/>
                                <line number="17" hits="1" branch="false"/>
                                <line number="17" hits="1" branch="false"/>
                                <line number="17" hits="1" branch="false"/>
                                <line number="17" hits="1" branch="false"/>
                                <line number="17" hits="1" branch="false"/>
                                <line number="17" hits="1" branch="false"/>
                                <line number="17" hits="1" branch="false"/>
                                <line number="17" hits="1" branch="false"/>
                            </lines>
                        </method>
                    </methods>
                    <lines>
                        <line number="17" hits="1" branch="false"/>
                        <line number="16" hits="1" branch="false"/>
                        <line number="17" hits="1" branch="false"/>
                        <line number="16" hits="1" branch="false"/>
                        <line number="17" hits="1" branch="false"/>
                        <line number="17" hits="1" branch="false"/>
                        <line number="15" hits="1" branch="false"/>
                        <line number="17" hits="1" branch="false"/>
                        <line number="15" hits="1" branch="false"/>
                        <line number="17" hits="1" branch="false"/>
                        <line number="17" hits="1" branch="false"/>
                        <line number="15" hits="1" branch="false"/>
                        <line number="17" hits="1" branch="false"/>
                        <line number="16" hits="1" branch="false"/>
                        <line number="17" hits="1" branch="false"/>
                        <line number="16" hits="1" branch="false"/>
                        <line number="17" hits="1" branch="false"/>
                        <line number="17" hits="1" branch="false"/>
                        <line number="16" hits="1" branch="false"/>
                        <line number="17" hits="1" branch="false"/>
                        <line number="17" hits="1" branch="false"/>
                        <line number="15" hits="1" branch="false"/>
                    </lines>
</class>
                <class 
                name="StudentSubTable" filename="com/knoldus/postgres/repository/StudentSubjectRepo.scala" line-rate="0.46" branch-rate="1.00" complexity="0">
                    <methods>
                        <method 
                        name="com.knoldus.postgres.repository/StudentSubTable/&lt;none&gt;" signature="()V" line-rate="1.00" branch-rate="1.00">
                            <lines>
                                <line number="16" hits="1" branch="false"/>
                                <line number="17" hits="1" branch="false"/>
                                <line number="16" hits="1" branch="false"/>
                                <line number="17" hits="1" branch="false"/>
                                <line number="16" hits="1" branch="false"/>
                                <line number="17" hits="1" branch="false"/>
                            </lines>
</method>
                        <method 
                        name="com.knoldus.postgres.repository/StudentSubTable/student" signature="()V" line-rate="0.00" branch-rate="0.00">
                            <lines>
                                <line number="19" hits="0" branch="false"/>
                                <line number="19" hits="0" branch="false"/>
                                <line number="19" hits="0" branch="false"/>
                                <line number="19" hits="0" branch="false"/>
                                <line number="19" hits="0" branch="false"/>
                                <line number="19" hits="0" branch="false"/>
                                <line number="19" hits="0" branch="false"/>
                                <line number="19" hits="0" branch="false"/>
                                <line number="19" hits="0" branch="false"/>
                                <line number="19" hits="0" branch="false"/>
                                <line number="19" hits="0" branch="false"/>
                            </lines>
</method>
                        <method 
                        name="com.knoldus.postgres.repository/StudentSubTable/subject" signature="()V" line-rate="0.00" branch-rate="0.00">
                            <lines>
                                <line number="21" hits="0" branch="false"/>
                                <line number="21" hits="0" branch="false"/>
                                <line number="21" hits="0" branch="false"/>
                                <line number="21" hits="0" branch="false"/>
                                <line number="21" hits="0" branch="false"/>
                                <line number="21" hits="0" branch="false"/>
                                <line number="21" hits="0" branch="false"/>
                                <line number="21" hits="0" branch="false"/>
                                <line number="21" hits="0" branch="false"/>
                                <line number="21" hits="0" branch="false"/>
                                <line number="21" hits="0" branch="false"/>
                            </lines>
</method>
                        <method name="com.knoldus.postgres.repository/StudentSubTable/*" signature="()V" line-rate="1.00" branch-rate="1.00">
                            <lines>
                                <line number="23" hits="1" branch="false"/>
                                <line number="23" hits="1" branch="false"/>
                                <line number="23" hits="1" branch="false"/>
                                <line number="23" hits="1" branch="false"/>
                                <line number="23" hits="1" branch="false"/>
                                <line number="23" hits="1" branch="false"/>
                                <line number="23" hits="1" branch="false"/>
                                <line number="23" hits="1" branch="false"/>
                                <line number="23" hits="1" branch="false"/>
                                <line number="23" hits="1" branch="false"/>
                                <line number="23" hits="1" branch="false"/>
                                <line number="23" hits="1" branch="false"/>
                                <line number="23" hits="1" branch="false"/>
                            </lines>
                        </method>
                    </methods>
                    <lines>
                        <line number="21" hits="0" branch="false"/>
                        <line number="23" hits="1" branch="false"/>
                        <line number="19" hits="0" branch="false"/>
                        <line number="23" hits="1" branch="false"/>
                        <line number="23" hits="1" branch="false"/>
                        <line number="19" hits="0" branch="false"/>
                        <line number="21" hits="0" branch="false"/>
                        <line number="16" hits="1" branch="false"/>
                        <line number="19" hits="0" branch="false"/>
                        <line number="21" hits="0" branch="false"/>
                        <line number="23" hits="1" branch="false"/>
                        <line number="17" hits="1" branch="false"/>
                        <line number="23" hits="1" branch="false"/>
                        <line number="19" hits="0" branch="false"/>
                        <line number="23" hits="1" branch="false"/>
                        <line number="23" hits="1" branch="false"/>
                        <line number="19" hits="0" branch="false"/>
                        <line number="21" hits="0" branch="false"/>
                        <line number="19" hits="0" branch="false"/>
                        <line number="21" hits="0" branch="false"/>
                        <line number="21" hits="0" branch="false"/>
                        <line number="16" hits="1" branch="false"/>
                        <line number="19" hits="0" branch="false"/>
                        <line number="23" hits="1" branch="false"/>
                        <line number="23" hits="1" branch="false"/>
                        <line number="19" hits="0" branch="false"/>
                        <line number="21" hits="0" branch="false"/>
                        <line number="17" hits="1" branch="false"/>
                        <line number="21" hits="0" branch="false"/>
                        <line number="23" hits="1" branch="false"/>
                        <line number="23" hits="1" branch="false"/>
                        <line number="16" hits="1" branch="false"/>
                        <line number="19" hits="0" branch="false"/>
                        <line number="21" hits="0" branch="false"/>
                        <line number="23" hits="1" branch="false"/>
                        <line number="17" hits="1" branch="false"/>
                        <line number="19" hits="0" branch="false"/>
                        <line number="21" hits="0" branch="false"/>
                        <line number="21" hits="0" branch="false"/>
                        <line number="23" hits="1" branch="false"/>
                        <line number="19" hits="0" branch="false"/>
                    </lines>
</class>
            </classes>
        </package>
    </packages>
</coverage>
